<?xml version="1.0" encoding="UTF-8"?>
<!-- Generated by org.testng.reporters.JUnitReportReporter -->
<testsuite hostname="MSI" failures="0" tests="35" name="demotesting.dataprovider" time="3.989" errors="2" timestamp="2025-06-06T18:21:37 IST" skipped="0">
  <testcase classname="demotesting.dataprovider" name="printdata" time="0.000"/>
  <system-out/>
  <testcase classname="demotesting.dataprovider" name="printdata" time="0.000"/>
  <system-out/>
  <testcase classname="demotesting.dataprovider" name="printdata" time="1.111">
    <error message="
[public void demotesting.dataprovider.printdata(java.lang.String,java.lang.String,java.lang.String,java.lang.String)] has no parameters defined but was found to be using a data provider (either explicitly specified or inherited from class level annotation).
Data provider mismatch
Method: printdata([Parameter{index=0, type=java.lang.String, declaredAnnotations=[]}, Parameter{index=1, type=java.lang.String, declaredAnnotations=[]}, Parameter{index=2, type=java.lang.String, declaredAnnotations=[]}, Parameter{index=3, type=java.lang.String, declaredAnnotations=[]}])
Arguments: [(java.lang.String) Org_name,(java.lang.String) Org_id,(java.lang.String) date]" type="org.testng.internal.reflect.MethodMatcherException">
      <![CDATA[org.testng.internal.reflect.MethodMatcherException: 
[public void demotesting.dataprovider.printdata(java.lang.String,java.lang.String,java.lang.String,java.lang.String)] has no parameters defined but was found to be using a data provider (either explicitly specified or inherited from class level annotation).
Data provider mismatch
Method: printdata([Parameter{index=0, type=java.lang.String, declaredAnnotations=[]}, Parameter{index=1, type=java.lang.String, declaredAnnotations=[]}, Parameter{index=2, type=java.lang.String, declaredAnnotations=[]}, Parameter{index=3, type=java.lang.String, declaredAnnotations=[]}])
Arguments: [(java.lang.String) Org_name,(java.lang.String) Org_id,(java.lang.String) date]
at org.testng.internal.reflect.DataProviderMethodMatcher.getConformingArguments(DataProviderMethodMatcher.java:46)
at org.testng.internal.Parameters.injectParameters(Parameters.java:886)
at org.testng.internal.invokers.MethodRunner.runInSequence(MethodRunner.java:37)
at org.testng.internal.invokers.TestInvoker$MethodInvocationAgent.invoke(TestInvoker.java:923)
at org.testng.internal.invokers.TestInvoker.invokeTestMethods(TestInvoker.java:192)
at org.testng.internal.invokers.TestMethodWorker.invokeTestMethods(TestMethodWorker.java:146)
at org.testng.internal.invokers.TestMethodWorker.run(TestMethodWorker.java:128)
at java.base/java.util.ArrayList.forEach(ArrayList.java:1597)
at org.testng.TestRunner.privateRun(TestRunner.java:808)
at org.testng.TestRunner.run(TestRunner.java:603)
at org.testng.SuiteRunner.runTest(SuiteRunner.java:429)
at org.testng.SuiteRunner.runSequentially(SuiteRunner.java:423)
at org.testng.SuiteRunner.privateRun(SuiteRunner.java:383)
at org.testng.SuiteRunner.run(SuiteRunner.java:326)
at org.testng.SuiteRunnerWorker.runSuite(SuiteRunnerWorker.java:52)
at org.testng.SuiteRunnerWorker.run(SuiteRunnerWorker.java:95)
at org.testng.TestNG.runSuitesSequentially(TestNG.java:1249)
at org.testng.TestNG.runSuitesLocally(TestNG.java:1169)
at org.testng.TestNG.runSuites(TestNG.java:1092)
at org.testng.TestNG.run(TestNG.java:1060)
at org.testng.remote.AbstractRemoteTestNG.run(AbstractRemoteTestNG.java:115)
at org.testng.remote.RemoteTestNG.initAndRun(RemoteTestNG.java:293)
at org.testng.remote.RemoteTestNG.main(RemoteTestNG.java:91)
]]>
    </error>
  </testcase> <!-- printdata -->
  <system-out/>
  <testcase classname="demotesting.dataprovider" name="printdata" time="0.001"/>
  <system-out/>
  <testcase classname="demotesting.dataprovider" name="printdata" time="0.002"/>
  <system-out/>
  <testcase classname="demotesting.dataprovider" name="printdata" time="0.001"/>
  <system-out/>
  <testcase classname="demotesting.dataprovider" name="printdata" time="0.001"/>
  <system-out/>
  <testcase classname="demotesting.dataprovider" name="printdata" time="0.001"/>
  <system-out/>
  <testcase classname="demotesting.dataprovider" name="printdata" time="2.843">
    <error message="
[public void demotesting.dataprovider.printdata(java.lang.String,java.lang.String)] has no parameters defined but was found to be using a data provider (either explicitly specified or inherited from class level annotation).
Data provider mismatch
Method: printdata([Parameter{index=0, type=java.lang.String, declaredAnnotations=[]}, Parameter{index=1, type=java.lang.String, declaredAnnotations=[]}])
Arguments: [(java.lang.String) Org_name,(java.lang.String) Org_id,(java.lang.String) date]" type="org.testng.internal.reflect.MethodMatcherException">
      <![CDATA[org.testng.internal.reflect.MethodMatcherException: 
[public void demotesting.dataprovider.printdata(java.lang.String,java.lang.String)] has no parameters defined but was found to be using a data provider (either explicitly specified or inherited from class level annotation).
Data provider mismatch
Method: printdata([Parameter{index=0, type=java.lang.String, declaredAnnotations=[]}, Parameter{index=1, type=java.lang.String, declaredAnnotations=[]}])
Arguments: [(java.lang.String) Org_name,(java.lang.String) Org_id,(java.lang.String) date]
at org.testng.internal.reflect.DataProviderMethodMatcher.getConformingArguments(DataProviderMethodMatcher.java:46)
at org.testng.internal.Parameters.injectParameters(Parameters.java:886)
at org.testng.internal.invokers.MethodRunner.runInSequence(MethodRunner.java:37)
at org.testng.internal.invokers.TestInvoker$MethodInvocationAgent.invoke(TestInvoker.java:923)
at org.testng.internal.invokers.TestInvoker.invokeTestMethods(TestInvoker.java:192)
at org.testng.internal.invokers.TestMethodWorker.invokeTestMethods(TestMethodWorker.java:146)
at org.testng.internal.invokers.TestMethodWorker.run(TestMethodWorker.java:128)
at java.base/java.util.ArrayList.forEach(ArrayList.java:1597)
at org.testng.TestRunner.privateRun(TestRunner.java:808)
at org.testng.TestRunner.run(TestRunner.java:603)
at org.testng.SuiteRunner.runTest(SuiteRunner.java:429)
at org.testng.SuiteRunner.runSequentially(SuiteRunner.java:423)
at org.testng.SuiteRunner.privateRun(SuiteRunner.java:383)
at org.testng.SuiteRunner.run(SuiteRunner.java:326)
at org.testng.SuiteRunnerWorker.runSuite(SuiteRunnerWorker.java:52)
at org.testng.SuiteRunnerWorker.run(SuiteRunnerWorker.java:95)
at org.testng.TestNG.runSuitesSequentially(TestNG.java:1249)
at org.testng.TestNG.runSuitesLocally(TestNG.java:1169)
at org.testng.TestNG.runSuites(TestNG.java:1092)
at org.testng.TestNG.run(TestNG.java:1060)
at org.testng.remote.AbstractRemoteTestNG.run(AbstractRemoteTestNG.java:115)
at org.testng.remote.RemoteTestNG.initAndRun(RemoteTestNG.java:293)
at org.testng.remote.RemoteTestNG.main(RemoteTestNG.java:91)
]]>
    </error>
  </testcase> <!-- printdata -->
  <system-out/>
  <testcase classname="demotesting.dataprovider" name="printdata" time="0.001"/>
  <system-out/>
  <testcase classname="demotesting.dataprovider" name="printdata" time="0.000"/>
  <system-out/>
  <testcase classname="demotesting.dataprovider" name="printdata" time="0.001"/>
  <system-out/>
  <testcase classname="demotesting.dataprovider" name="printdata" time="0.000"/>
  <system-out/>
  <testcase classname="demotesting.dataprovider" name="printdata" time="0.001"/>
  <system-out/>
  <testcase classname="demotesting.dataprovider" name="printdata" time="0.000"/>
  <system-out/>
  <testcase classname="demotesting.dataprovider" name="printdata" time="0.001"/>
  <system-out/>
  <testcase classname="demotesting.dataprovider" name="printdata" time="0.001"/>
  <system-out/>
  <testcase classname="demotesting.dataprovider" name="printdata" time="0.000"/>
  <system-out/>
  <testcase classname="demotesting.dataprovider" name="printdata" time="0.000"/>
  <system-out/>
  <testcase classname="demotesting.dataprovider" name="printdata" time="0.001"/>
  <system-out/>
  <testcase classname="demotesting.dataprovider" name="printdata" time="0.001"/>
  <system-out/>
  <testcase classname="demotesting.dataprovider" name="printdata" time="0.008"/>
  <system-out/>
  <testcase classname="demotesting.dataprovider" name="printdata" time="0.001"/>
  <system-out/>
  <testcase classname="demotesting.dataprovider" name="printdata" time="0.002"/>
  <system-out/>
  <testcase classname="demotesting.dataprovider" name="printdata" time="0.001"/>
  <system-out/>
  <testcase classname="demotesting.dataprovider" name="printdata" time="0.001"/>
  <system-out/>
  <testcase classname="demotesting.dataprovider" name="printdata" time="0.001"/>
  <system-out/>
  <testcase classname="demotesting.dataprovider" name="printdata" time="0.000"/>
  <system-out/>
  <testcase classname="demotesting.dataprovider" name="printdata" time="0.001"/>
  <system-out/>
  <testcase classname="demotesting.dataprovider" name="printdata" time="0.001"/>
  <system-out/>
  <testcase classname="demotesting.dataprovider" name="printdata" time="0.001"/>
  <system-out/>
  <testcase classname="demotesting.dataprovider" name="printdata" time="0.001"/>
  <system-out/>
  <testcase classname="demotesting.dataprovider" name="printdata" time="0.001"/>
  <system-out/>
  <testcase classname="demotesting.dataprovider" name="printdata" time="0.002"/>
  <system-out/>
  <testcase classname="demotesting.dataprovider" name="printdata" time="0.001"/>
  <system-out/>
</testsuite> <!-- demotesting.dataprovider -->
